<?xml version="1.0" encoding="UTF-8"?>
<!-- Generated by org.testng.reporters.JUnitReportReporter -->
<testsuite hostname="ABBEY-WED" name="step_definitions.RunnerClass2" tests="1" failures="0" timestamp="26 Oct 2018 10:21:27 GMT" time="47.314" errors="0">
  <testcase name="feature" time="47.314" classname="step_definitions.RunnerClass2"/>
</testsuite> <!-- step_definitions.RunnerClass2 -->
