<?xml version="1.0" encoding="UTF-8"?>
<!-- Generated by org.testng.reporters.JUnitReportReporter -->
<testsuite hostname="ABBEY-WED" name="step_definitions.RunnerClass4" tests="1" failures="0" timestamp="30 Oct 2018 14:30:29 GMT" time="0.663" errors="0">
  <testcase name="feature" time="0.663" classname="step_definitions.RunnerClass4"/>
</testsuite> <!-- step_definitions.RunnerClass4 -->
