<?xml version="1.0" encoding="UTF-8"?>
<!-- Generated by org.testng.reporters.JUnitReportReporter -->
<testsuite hostname="DESKTOP-VC6II06" name="step_definitions.TestNgFeatureRunner" tests="1" failures="0" timestamp="26 Oct 2018 16:22:30 GMT" time="17.790" errors="0">
  <testcase name="feature" time="17.790" classname="step_definitions.TestNgFeatureRunner"/>
</testsuite> <!-- step_definitions.TestNgFeatureRunner -->
