<?xml version="1.0" encoding="UTF-8"?>
<!-- Generated by org.testng.reporters.JUnitReportReporter -->
<testsuite hostname="ABBEY-WED" name="step_definitions.RunnerClass3" tests="1" failures="0" timestamp="23 Oct 2018 12:25:33 GMT" time="82.878" errors="0">
  <testcase name="feature" time="82.878" classname="step_definitions.RunnerClass3"/>
</testsuite> <!-- step_definitions.RunnerClass3 -->
