<?xml version="1.0" encoding="UTF-8"?>
<!-- Generated by org.testng.reporters.JUnitReportReporter -->
<testsuite hostname="ABBEY-WED" name="step_definitions.RunnerClass4" tests="1" failures="0" timestamp="26 Oct 2018 07:08:40 GMT" time="30.277" errors="0">
  <testcase name="feature" time="30.277" classname="step_definitions.RunnerClass4"/>
</testsuite> <!-- step_definitions.RunnerClass4 -->
