<?xml version="1.0" encoding="UTF-8"?>
<!-- Generated by org.testng.reporters.JUnitReportReporter -->
<testsuite hostname="DESKTOP-VC6II06" name="step_definitions.AmendCardRunner" tests="1" failures="0" timestamp="26 Oct 2018 16:22:30 GMT" time="64.089" errors="0">
  <testcase name="feature" time="64.089" classname="step_definitions.AmendCardRunner"/>
</testsuite> <!-- step_definitions.AmendCardRunner -->
