<?xml version="1.0" encoding="UTF-8"?>
<!-- Generated by org.testng.reporters.JUnitReportReporter -->
<testsuite hostname="ABBEY-WED" name="step_definitions.RunnerClass5" tests="1" failures="0" timestamp="23 Oct 2018 12:42:03 GMT" time="47.279" errors="0">
  <testcase name="feature" time="47.279" classname="step_definitions.RunnerClass5"/>
</testsuite> <!-- step_definitions.RunnerClass5 -->
